Nov 06, 2025 2:59:05 AM com.google.cloud.datastore.emulator.firestore.websocket.WebSocketServer start
INFO: Started WebSocket server on ws://127.0.0.1:9150
API endpoint: http://127.0.0.1:8080
If you are using a library that supports the FIRESTORE_EMULATOR_HOST environment variable, run:

   export FIRESTORE_EMULATOR_HOST=127.0.0.1:8080

Dev App Server is now running.

Nov 06, 2025 2:59:07 AM io.gapi.emulators.netty.HttpVersionRoutingHandler channelRead
INFO: Detected non-HTTP/2 connection.
Nov 06, 2025 2:59:07 AM io.gapi.emulators.netty.HttpVersionRoutingHandler channelRead
INFO: Detected HTTP/2 connection.
Multiple projectIds are not recommended in single project mode. Requested project ID rules-spec-test, but the emulator is configured for studio-5171737170-2a797. To opt-out of single project mode add/set the '"singleProjectMode": false' property in the firebase.json emulators config.
Nov 06, 2025 2:59:09 AM io.gapi.emulators.netty.HttpVersionRoutingHandler channelRead
INFO: Detected HTTP/2 connection.
Multiple projectIds are not recommended in single project mode. Requested project ID rules-spec-test, but the emulator is configured for studio-5171737170-2a797. To opt-out of single project mode add/set the '"singleProjectMode": false' property in the firebase.json emulators config.
Multiple projectIds are not recommended in single project mode. Requested project ID rules-spec-test, but the emulator is configured for studio-5171737170-2a797. To opt-out of single project mode add/set the '"singleProjectMode": false' property in the firebase.json emulators config.
Multiple projectIds are not recommended in single project mode. Requested project ID rules-spec-test, but the emulator is configured for studio-5171737170-2a797. To opt-out of single project mode add/set the '"singleProjectMode": false' property in the firebase.json emulators config.
Multiple projectIds are not recommended in single project mode. Requested project ID rules-spec-test, but the emulator is configured for studio-5171737170-2a797. To opt-out of single project mode add/set the '"singleProjectMode": false' property in the firebase.json emulators config.
Multiple projectIds are not recommended in single project mode. Requested project ID rules-spec-test, but the emulator is configured for studio-5171737170-2a797. To opt-out of single project mode add/set the '"singleProjectMode": false' property in the firebase.json emulators config.
Multiple projectIds are not recommended in single project mode. Requested project ID rules-spec-test, but the emulator is configured for studio-5171737170-2a797. To opt-out of single project mode add/set the '"singleProjectMode": false' property in the firebase.json emulators config.
Multiple projectIds are not recommended in single project mode. Requested project ID rules-spec-test, but the emulator is configured for studio-5171737170-2a797. To opt-out of single project mode add/set the '"singleProjectMode": false' property in the firebase.json emulators config.
Multiple projectIds are not recommended in single project mode. Requested project ID rules-spec-test, but the emulator is configured for studio-5171737170-2a797. To opt-out of single project mode add/set the '"singleProjectMode": false' property in the firebase.json emulators config.
Multiple projectIds are not recommended in single project mode. Requested project ID rules-spec-test, but the emulator is configured for studio-5171737170-2a797. To opt-out of single project mode add/set the '"singleProjectMode": false' property in the firebase.json emulators config.
Multiple projectIds are not recommended in single project mode. Requested project ID rules-spec-test, but the emulator is configured for studio-5171737170-2a797. To opt-out of single project mode add/set the '"singleProjectMode": false' property in the firebase.json emulators config.
Multiple projectIds are not recommended in single project mode. Requested project ID rules-spec-test, but the emulator is configured for studio-5171737170-2a797. To opt-out of single project mode add/set the '"singleProjectMode": false' property in the firebase.json emulators config.
Multiple projectIds are not recommended in single project mode. Requested project ID rules-spec-test, but the emulator is configured for studio-5171737170-2a797. To opt-out of single project mode add/set the '"singleProjectMode": false' property in the firebase.json emulators config.
Multiple projectIds are not recommended in single project mode. Requested project ID rules-spec-test, but the emulator is configured for studio-5171737170-2a797. To opt-out of single project mode add/set the '"singleProjectMode": false' property in the firebase.json emulators config.
Multiple projectIds are not recommended in single project mode. Requested project ID rules-spec-test, but the emulator is configured for studio-5171737170-2a797. To opt-out of single project mode add/set the '"singleProjectMode": false' property in the firebase.json emulators config.
Nov 06, 2025 2:59:11 AM com.google.cloud.datastore.emulator.impl.util.WrappedStreamObserver onError
WARNING: Operation failed: 
false for 'create' @ L47, false for 'create' @ L110, false for 'update' @ L47, false for 'update' @ L110
com.google.cloud.datastore.core.exception.DatastoreException: 
false for 'create' @ L47, false for 'create' @ L110, false for 'update' @ L47, false for 'update' @ L110
	at com.google.cloud.datastore.core.exception.DatastoreException$Builder.build(DatastoreException.java:120)
	at com.google.cloud.datastore.emulator.impl.rules.EmulatorRulesAuthorizer.verboseError(EmulatorRulesAuthorizer.java:321)
	at com.google.cloud.datastore.emulator.impl.rules.EmulatorRulesAuthorizer.withVerboseErrors(EmulatorRulesAuthorizer.java:298)
	at com.google.cloud.datastore.emulator.impl.rules.EmulatorRulesAuthorizer.checkCommit(EmulatorRulesAuthorizer.java:130)
	at com.google.cloud.datastore.emulator.impl.CloudFirestoreV1.commitHelper(CloudFirestoreV1.java:1040)
	at com.google.cloud.datastore.emulator.impl.CloudFirestoreV1.internalCommit(CloudFirestoreV1.java:950)
	at com.google.cloud.datastore.emulator.impl.CloudFirestoreV1.internalCommit(CloudFirestoreV1.java:937)
	at com.google.cloud.datastore.emulator.impl.CloudFirestoreV1.write(CloudFirestoreV1.java:925)
	at com.google.cloud.datastore.emulator.impl.CloudFirestoreV1WriteStream.handleRequest(CloudFirestoreV1WriteStream.java:210)
	at com.google.cloud.datastore.emulator.impl.CloudFirestoreV1WriteStream.write(CloudFirestoreV1WriteStream.java:138)
	at com.google.cloud.datastore.emulator.impl.CloudFirestoreV1WriteStream.onNext(CloudFirestoreV1WriteStream.java:93)
	at com.google.cloud.datastore.emulator.impl.CloudFirestoreV1WriteStream.onNext(CloudFirestoreV1WriteStream.java:26)
	at io.grpc.stub.ServerCalls$StreamingServerCallHandler$StreamingServerCallListener.onMessage(ServerCalls.java:262)
	at io.grpc.ForwardingServerCallListener.onMessage(ForwardingServerCallListener.java:33)
	at io.grpc.Contexts$ContextualizedServerCallListener.onMessage(Contexts.java:76)
	at io.grpc.ForwardingServerCallListener.onMessage(ForwardingServerCallListener.java:33)
	at io.grpc.Contexts$ContextualizedServerCallListener.onMessage(Contexts.java:76)
	at io.grpc.internal.ServerCallImpl$ServerStreamListenerImpl.messagesAvailableInternal(ServerCallImpl.java:324)
	at io.grpc.internal.ServerCallImpl$ServerStreamListenerImpl.messagesAvailable(ServerCallImpl.java:309)
	at io.grpc.internal.ServerImpl$JumpToApplicationThreadServerStreamListener$1MessagesAvailable.runInContext(ServerImpl.java:833)
	at io.grpc.internal.ContextRunnable.run(ContextRunnable.java:37)
	at io.grpc.internal.SerializingExecutor.run(SerializingExecutor.java:133)
	at java.base/java.util.concurrent.ThreadPoolExecutor.runWorker(ThreadPoolExecutor.java:1144)
	at java.base/java.util.concurrent.ThreadPoolExecutor$Worker.run(ThreadPoolExecutor.java:642)
	at java.base/java.lang.Thread.run(Thread.java:1583)

Multiple projectIds are not recommended in single project mode. Requested project ID rules-spec-test, but the emulator is configured for studio-5171737170-2a797. To opt-out of single project mode add/set the '"singleProjectMode": false' property in the firebase.json emulators config.
Multiple projectIds are not recommended in single project mode. Requested project ID rules-spec-test, but the emulator is configured for studio-5171737170-2a797. To opt-out of single project mode add/set the '"singleProjectMode": false' property in the firebase.json emulators config.
Multiple projectIds are not recommended in single project mode. Requested project ID rules-spec-test, but the emulator is configured for studio-5171737170-2a797. To opt-out of single project mode add/set the '"singleProjectMode": false' property in the firebase.json emulators config.
Multiple projectIds are not recommended in single project mode. Requested project ID rules-spec-test, but the emulator is configured for studio-5171737170-2a797. To opt-out of single project mode add/set the '"singleProjectMode": false' property in the firebase.json emulators config.
Multiple projectIds are not recommended in single project mode. Requested project ID rules-spec-test, but the emulator is configured for studio-5171737170-2a797. To opt-out of single project mode add/set the '"singleProjectMode": false' property in the firebase.json emulators config.
Multiple projectIds are not recommended in single project mode. Requested project ID rules-spec-test, but the emulator is configured for studio-5171737170-2a797. To opt-out of single project mode add/set the '"singleProjectMode": false' property in the firebase.json emulators config.
Multiple projectIds are not recommended in single project mode. Requested project ID rules-spec-test, but the emulator is configured for studio-5171737170-2a797. To opt-out of single project mode add/set the '"singleProjectMode": false' property in the firebase.json emulators config.
Nov 06, 2025 2:59:11 AM com.google.cloud.datastore.emulator.impl.util.WrappedStreamObserver onError
WARNING: Operation failed: 
false for 'update' @ L93, false for 'update' @ L110
com.google.cloud.datastore.core.exception.DatastoreException: 
false for 'update' @ L93, false for 'update' @ L110
	at com.google.cloud.datastore.core.exception.DatastoreException$Builder.build(DatastoreException.java:120)
	at com.google.cloud.datastore.emulator.impl.rules.EmulatorRulesAuthorizer.verboseError(EmulatorRulesAuthorizer.java:321)
	at com.google.cloud.datastore.emulator.impl.rules.EmulatorRulesAuthorizer.withVerboseErrors(EmulatorRulesAuthorizer.java:298)
	at com.google.cloud.datastore.emulator.impl.rules.EmulatorRulesAuthorizer.checkCommit(EmulatorRulesAuthorizer.java:130)
	at com.google.cloud.datastore.emulator.impl.CloudFirestoreV1.commitHelper(CloudFirestoreV1.java:1040)
	at com.google.cloud.datastore.emulator.impl.CloudFirestoreV1.internalCommit(CloudFirestoreV1.java:950)
	at com.google.cloud.datastore.emulator.impl.CloudFirestoreV1.internalCommit(CloudFirestoreV1.java:937)
	at com.google.cloud.datastore.emulator.impl.CloudFirestoreV1.write(CloudFirestoreV1.java:925)
	at com.google.cloud.datastore.emulator.impl.CloudFirestoreV1WriteStream.handleRequest(CloudFirestoreV1WriteStream.java:210)
	at com.google.cloud.datastore.emulator.impl.CloudFirestoreV1WriteStream.write(CloudFirestoreV1WriteStream.java:138)
	at com.google.cloud.datastore.emulator.impl.CloudFirestoreV1WriteStream.onNext(CloudFirestoreV1WriteStream.java:93)
	at com.google.cloud.datastore.emulator.impl.CloudFirestoreV1WriteStream.onNext(CloudFirestoreV1WriteStream.java:26)
	at io.grpc.stub.ServerCalls$StreamingServerCallHandler$StreamingServerCallListener.onMessage(ServerCalls.java:262)
	at io.grpc.ForwardingServerCallListener.onMessage(ForwardingServerCallListener.java:33)
	at io.grpc.Contexts$ContextualizedServerCallListener.onMessage(Contexts.java:76)
	at io.grpc.ForwardingServerCallListener.onMessage(ForwardingServerCallListener.java:33)
	at io.grpc.Contexts$ContextualizedServerCallListener.onMessage(Contexts.java:76)
	at io.grpc.internal.ServerCallImpl$ServerStreamListenerImpl.messagesAvailableInternal(ServerCallImpl.java:324)
	at io.grpc.internal.ServerCallImpl$ServerStreamListenerImpl.messagesAvailable(ServerCallImpl.java:309)
	at io.grpc.internal.ServerImpl$JumpToApplicationThreadServerStreamListener$1MessagesAvailable.runInContext(ServerImpl.java:833)
	at io.grpc.internal.ContextRunnable.run(ContextRunnable.java:37)
	at io.grpc.internal.SerializingExecutor.run(SerializingExecutor.java:133)
	at java.base/java.util.concurrent.ThreadPoolExecutor.runWorker(ThreadPoolExecutor.java:1144)
	at java.base/java.util.concurrent.ThreadPoolExecutor$Worker.run(ThreadPoolExecutor.java:642)
	at java.base/java.lang.Thread.run(Thread.java:1583)

Multiple projectIds are not recommended in single project mode. Requested project ID rules-spec-test, but the emulator is configured for studio-5171737170-2a797. To opt-out of single project mode add/set the '"singleProjectMode": false' property in the firebase.json emulators config.
Multiple projectIds are not recommended in single project mode. Requested project ID rules-spec-test, but the emulator is configured for studio-5171737170-2a797. To opt-out of single project mode add/set the '"singleProjectMode": false' property in the firebase.json emulators config.
Multiple projectIds are not recommended in single project mode. Requested project ID rules-spec-test, but the emulator is configured for studio-5171737170-2a797. To opt-out of single project mode add/set the '"singleProjectMode": false' property in the firebase.json emulators config.
Nov 06, 2025 2:59:12 AM com.google.cloud.datastore.emulator.impl.util.WrappedStreamObserver onError
WARNING: Operation failed: 
false for 'create' @ L65, false for 'create' @ L110, false for 'update' @ L66, false for 'update' @ L110
com.google.cloud.datastore.core.exception.DatastoreException: 
false for 'create' @ L65, false for 'create' @ L110, false for 'update' @ L66, false for 'update' @ L110
	at com.google.cloud.datastore.core.exception.DatastoreException$Builder.build(DatastoreException.java:120)
	at com.google.cloud.datastore.emulator.impl.rules.EmulatorRulesAuthorizer.verboseError(EmulatorRulesAuthorizer.java:321)
	at com.google.cloud.datastore.emulator.impl.rules.EmulatorRulesAuthorizer.withVerboseErrors(EmulatorRulesAuthorizer.java:298)
	at com.google.cloud.datastore.emulator.impl.rules.EmulatorRulesAuthorizer.checkCommit(EmulatorRulesAuthorizer.java:130)
	at com.google.cloud.datastore.emulator.impl.CloudFirestoreV1.commitHelper(CloudFirestoreV1.java:1040)
	at com.google.cloud.datastore.emulator.impl.CloudFirestoreV1.internalCommit(CloudFirestoreV1.java:950)
	at com.google.cloud.datastore.emulator.impl.CloudFirestoreV1.internalCommit(CloudFirestoreV1.java:937)
	at com.google.cloud.datastore.emulator.impl.CloudFirestoreV1.write(CloudFirestoreV1.java:925)
	at com.google.cloud.datastore.emulator.impl.CloudFirestoreV1WriteStream.handleRequest(CloudFirestoreV1WriteStream.java:210)
	at com.google.cloud.datastore.emulator.impl.CloudFirestoreV1WriteStream.write(CloudFirestoreV1WriteStream.java:138)
	at com.google.cloud.datastore.emulator.impl.CloudFirestoreV1WriteStream.onNext(CloudFirestoreV1WriteStream.java:93)
	at com.google.cloud.datastore.emulator.impl.CloudFirestoreV1WriteStream.onNext(CloudFirestoreV1WriteStream.java:26)
	at io.grpc.stub.ServerCalls$StreamingServerCallHandler$StreamingServerCallListener.onMessage(ServerCalls.java:262)
	at io.grpc.ForwardingServerCallListener.onMessage(ForwardingServerCallListener.java:33)
	at io.grpc.Contexts$ContextualizedServerCallListener.onMessage(Contexts.java:76)
	at io.grpc.ForwardingServerCallListener.onMessage(ForwardingServerCallListener.java:33)
	at io.grpc.Contexts$ContextualizedServerCallListener.onMessage(Contexts.java:76)
	at io.grpc.internal.ServerCallImpl$ServerStreamListenerImpl.messagesAvailableInternal(ServerCallImpl.java:324)
	at io.grpc.internal.ServerCallImpl$ServerStreamListenerImpl.messagesAvailable(ServerCallImpl.java:309)
	at io.grpc.internal.ServerImpl$JumpToApplicationThreadServerStreamListener$1MessagesAvailable.runInContext(ServerImpl.java:833)
	at io.grpc.internal.ContextRunnable.run(ContextRunnable.java:37)
	at io.grpc.internal.SerializingExecutor.run(SerializingExecutor.java:133)
	at java.base/java.util.concurrent.ThreadPoolExecutor.runWorker(ThreadPoolExecutor.java:1144)
	at java.base/java.util.concurrent.ThreadPoolExecutor$Worker.run(ThreadPoolExecutor.java:642)
	at java.base/java.lang.Thread.run(Thread.java:1583)

Multiple projectIds are not recommended in single project mode. Requested project ID rules-spec-test, but the emulator is configured for studio-5171737170-2a797. To opt-out of single project mode add/set the '"singleProjectMode": false' property in the firebase.json emulators config.
Multiple projectIds are not recommended in single project mode. Requested project ID rules-spec-test, but the emulator is configured for studio-5171737170-2a797. To opt-out of single project mode add/set the '"singleProjectMode": false' property in the firebase.json emulators config.
Multiple projectIds are not recommended in single project mode. Requested project ID rules-spec-test, but the emulator is configured for studio-5171737170-2a797. To opt-out of single project mode add/set the '"singleProjectMode": false' property in the firebase.json emulators config.
Multiple projectIds are not recommended in single project mode. Requested project ID rules-spec-test, but the emulator is configured for studio-5171737170-2a797. To opt-out of single project mode add/set the '"singleProjectMode": false' property in the firebase.json emulators config.
Multiple projectIds are not recommended in single project mode. Requested project ID rules-spec-test, but the emulator is configured for studio-5171737170-2a797. To opt-out of single project mode add/set the '"singleProjectMode": false' property in the firebase.json emulators config.
Multiple projectIds are not recommended in single project mode. Requested project ID rules-spec-test, but the emulator is configured for studio-5171737170-2a797. To opt-out of single project mode add/set the '"singleProjectMode": false' property in the firebase.json emulators config.
Multiple projectIds are not recommended in single project mode. Requested project ID rules-spec-test, but the emulator is configured for studio-5171737170-2a797. To opt-out of single project mode add/set the '"singleProjectMode": false' property in the firebase.json emulators config.
Nov 06, 2025 2:59:12 AM io.grpc.netty.NettyServerTransport notifyTerminated
INFO: Transport failed
io.netty.handler.codec.http2.Http2Exception: Unexpected HTTP/1.x request: GET / 
	at io.netty.handler.codec.http2.Http2Exception.connectionError(Http2Exception.java:109)
	at io.netty.handler.codec.http2.Http2ConnectionHandler$PrefaceDecoder.readClientPrefaceString(Http2ConnectionHandler.java:317)
	at io.netty.handler.codec.http2.Http2ConnectionHandler$PrefaceDecoder.decode(Http2ConnectionHandler.java:247)
	at io.netty.handler.codec.http2.Http2ConnectionHandler.decode(Http2ConnectionHandler.java:453)
	at io.netty.handler.codec.ByteToMessageDecoder.decodeRemovalReentryProtection(ByteToMessageDecoder.java:529)
	at io.netty.handler.codec.ByteToMessageDecoder.callDecode(ByteToMessageDecoder.java:468)
	at io.netty.handler.codec.ByteToMessageDecoder.channelRead(ByteToMessageDecoder.java:290)
	at io.netty.channel.AbstractChannelHandlerContext.invokeChannelRead(AbstractChannelHandlerContext.java:444)
	at io.netty.channel.AbstractChannelHandlerContext.invokeChannelRead(AbstractChannelHandlerContext.java:420)
	at io.netty.channel.AbstractChannelHandlerContext.fireChannelRead(AbstractChannelHandlerContext.java:412)
	at io.netty.channel.DefaultChannelPipeline$HeadContext.channelRead(DefaultChannelPipeline.java:1410)
	at io.netty.channel.AbstractChannelHandlerContext.invokeChannelRead(AbstractChannelHandlerContext.java:440)
	at io.netty.channel.AbstractChannelHandlerContext.invokeChannelRead(AbstractChannelHandlerContext.java:420)
	at io.netty.channel.DefaultChannelPipeline.fireChannelRead(DefaultChannelPipeline.java:919)
	at io.netty.channel.nio.AbstractNioByteChannel$NioByteUnsafe.read(AbstractNioByteChannel.java:166)
	at io.netty.channel.nio.NioEventLoop.processSelectedKey(NioEventLoop.java:788)
	at io.netty.channel.nio.NioEventLoop.processSelectedKeysOptimized(NioEventLoop.java:724)
	at io.netty.channel.nio.NioEventLoop.processSelectedKeys(NioEventLoop.java:650)
	at io.netty.channel.nio.NioEventLoop.run(NioEventLoop.java:562)
	at io.netty.util.concurrent.SingleThreadEventExecutor$4.run(SingleThreadEventExecutor.java:997)
	at io.netty.util.internal.ThreadExecutorMap$2.run(ThreadExecutorMap.java:74)
	at io.netty.util.concurrent.FastThreadLocalRunnable.run(FastThreadLocalRunnable.java:30)
	at java.base/java.lang.Thread.run(Thread.java:1583)

Nov 06, 2025 2:59:12 AM io.grpc.netty.NettyServerTransport notifyTerminated
INFO: Transport failed
io.netty.handler.codec.http2.Http2Exception: HTTP/2 client preface string missing or corrupt. Hex dump for received bytes: 16030105a8010005a40303b7725fe3c02b5ef03359c154f4
	at io.netty.handler.codec.http2.Http2Exception.connectionError(Http2Exception.java:109)
	at io.netty.handler.codec.http2.Http2ConnectionHandler$PrefaceDecoder.readClientPrefaceString(Http2ConnectionHandler.java:321)
	at io.netty.handler.codec.http2.Http2ConnectionHandler$PrefaceDecoder.decode(Http2ConnectionHandler.java:247)
	at io.netty.handler.codec.http2.Http2ConnectionHandler.decode(Http2ConnectionHandler.java:453)
	at io.netty.handler.codec.ByteToMessageDecoder.decodeRemovalReentryProtection(ByteToMessageDecoder.java:529)
	at io.netty.handler.codec.ByteToMessageDecoder.callDecode(ByteToMessageDecoder.java:468)
	at io.netty.handler.codec.ByteToMessageDecoder.channelRead(ByteToMessageDecoder.java:290)
	at io.netty.channel.AbstractChannelHandlerContext.invokeChannelRead(AbstractChannelHandlerContext.java:444)
	at io.netty.channel.AbstractChannelHandlerContext.invokeChannelRead(AbstractChannelHandlerContext.java:420)
	at io.netty.channel.AbstractChannelHandlerContext.fireChannelRead(AbstractChannelHandlerContext.java:412)
	at io.netty.channel.DefaultChannelPipeline$HeadContext.channelRead(DefaultChannelPipeline.java:1410)
	at io.netty.channel.AbstractChannelHandlerContext.invokeChannelRead(AbstractChannelHandlerContext.java:440)
	at io.netty.channel.AbstractChannelHandlerContext.invokeChannelRead(AbstractChannelHandlerContext.java:420)
	at io.netty.channel.DefaultChannelPipeline.fireChannelRead(DefaultChannelPipeline.java:919)
	at io.netty.channel.nio.AbstractNioByteChannel$NioByteUnsafe.read(AbstractNioByteChannel.java:166)
	at io.netty.channel.nio.NioEventLoop.processSelectedKey(NioEventLoop.java:788)
	at io.netty.channel.nio.NioEventLoop.processSelectedKeysOptimized(NioEventLoop.java:724)
	at io.netty.channel.nio.NioEventLoop.processSelectedKeys(NioEventLoop.java:650)
	at io.netty.channel.nio.NioEventLoop.run(NioEventLoop.java:562)
	at io.netty.util.concurrent.SingleThreadEventExecutor$4.run(SingleThreadEventExecutor.java:997)
	at io.netty.util.internal.ThreadExecutorMap$2.run(ThreadExecutorMap.java:74)
	at io.netty.util.concurrent.FastThreadLocalRunnable.run(FastThreadLocalRunnable.java:30)
	at java.base/java.lang.Thread.run(Thread.java:1583)

*** shutting down gRPC server since JVM is shutting down
*** server shut down
